{"uid":"61b2d37705c7dd27","name":"BankApp url testing 01","fullName":"testcases.test_UserProfile.Test_UserProfile#test_BankApp_Url_001","historyId":"ee2fdea55cc77e27ae808f489dc85777","time":{"start":1728715026702,"stop":1728715027245,"duration":543},"description":"self.Log.debug(\"This is debug\")\n        self.Log.info(\"This is info\")\n        self.Log.warning(\"This is warning\")\n        self.Log.error(\"This is error\")\n        self.Log.critical(\"This is critical\")","descriptionHtml":"<p>self.Log.debug(&quot;This is debug&quot;)<br />\nself.Log.info(&quot;This is info&quot;)<br />\nself.Log.warning(&quot;This is warning&quot;)<br />\nself.Log.error(&quot;This is error&quot;)<br />\nself.Log.critical(&quot;This is critical&quot;)</p>\n","status":"passed","flaky":false,"newFailed":false,"newBroken":false,"newPassed":false,"retriesCount":4,"retriesStatusChange":true,"beforeStages":[{"name":"setup","time":{"start":1728715021381,"stop":1728715026701,"duration":5320},"status":"passed","steps":[],"attachments":[],"parameters":[],"attachmentStep":false,"stepsCount":0,"hasContent":false,"shouldDisplayMessage":false,"attachmentsCount":0}],"testStage":{"description":"self.Log.debug(\"This is debug\")\n        self.Log.info(\"This is info\")\n        self.Log.warning(\"This is warning\")\n        self.Log.error(\"This is error\")\n        self.Log.critical(\"This is critical\")","status":"passed","steps":[],"attachments":[{"uid":"f40ecb789e1b54b2","name":"test_BankApp_Url_001 is passed","source":"f40ecb789e1b54b2.png","type":"image/png","size":273436},{"uid":"7c3dfe63c864afa","name":"log","source":"7c3dfe63c864afa.txt","type":"text/plain","size":909}],"parameters":[],"attachmentStep":false,"stepsCount":0,"hasContent":true,"shouldDisplayMessage":false,"attachmentsCount":2},"afterStages":[{"name":"setup::0","time":{"start":1728715027246,"stop":1728715029400,"duration":2154},"status":"passed","steps":[],"attachments":[],"parameters":[],"attachmentStep":false,"stepsCount":0,"hasContent":false,"shouldDisplayMessage":false,"attachmentsCount":0}],"labels":[{"name":"tag","value":"group1"},{"name":"tag","value":"sanity"},{"name":"parentSuite","value":"testcases"},{"name":"suite","value":"test_UserProfile"},{"name":"subSuite","value":"Test_UserProfile"},{"name":"host","value":"DESKTOP-R46A2PA"},{"name":"thread","value":"15260-MainThread"},{"name":"framework","value":"pytest"},{"name":"language","value":"cpython3"},{"name":"package","value":"testcases.test_UserProfile"},{"name":"resultFormat","value":"allure2"}],"parameters":[],"links":[],"hidden":false,"retry":false,"extra":{"severity":"normal","retries":[{"uid":"5761ec403341f6ee","status":"broken","statusDetails":"selenium.common.exceptions.NoSuchWindowException: Message: no such window: target window already closed\nfrom unknown error: web view not found\n  (Session info: chrome=129.0.6668.90)\nStacktrace:\n\tGetHandleVerifier [0x00007FF6C38E9412+29090]\n\t(No symbol) [0x00007FF6C385E239]\n\t(No symbol) [0x00007FF6C371B1DA]\n\t(No symbol) [0x00007FF6C36EFAF5]\n\t(No symbol) [0x00007FF6C379E2C7]\n\t(No symbol) [0x00007FF6C37B5EB1]\n\t(No symbol) [0x00007FF6C3796493]\n\t(No symbol) [0x00007FF6C37609D1]\n\t(No symbol) [0x00007FF6C3761B31]\n\tGetHandleVerifier [0x00007FF6C3C0871D+3302573]\n\tGetHandleVerifier [0x00007FF6C3C54243+3612627]\n\tGetHandleVerifier [0x00007FF6C3C4A417+3572135]\n\tGetHandleVerifier [0x00007FF6C39A5EB6+801862]\n\t(No symbol) [0x00007FF6C386945F]\n\t(No symbol) [0x00007FF6C3864FB4]\n\t(No symbol) [0x00007FF6C3865140]\n\t(No symbol) [0x00007FF6C385461F]\n\tBaseThreadInitThunk [0x00007FF9A51C257D+29]\n\tRtlUserThreadStart [0x00007FF9A6B8AF08+40]","time":{"start":1728714670621,"stop":1728714670621,"duration":0}},{"uid":"398346b9384c8db8","status":"passed","time":{"start":1728714608221,"stop":1728714608835,"duration":614}},{"uid":"2527f0525c25cf8c","status":"broken","statusDetails":"selenium.common.exceptions.NoSuchWindowException: Message: no such window: target window already closed\nfrom unknown error: web view not found\n  (Session info: chrome=129.0.6668.90)\nStacktrace:\n\tGetHandleVerifier [0x00007FF6C38E9412+29090]\n\t(No symbol) [0x00007FF6C385E239]\n\t(No symbol) [0x00007FF6C371B1DA]\n\t(No symbol) [0x00007FF6C36EFAF5]\n\t(No symbol) [0x00007FF6C379E2C7]\n\t(No symbol) [0x00007FF6C37B5EB1]\n\t(No symbol) [0x00007FF6C3796493]\n\t(No symbol) [0x00007FF6C37609D1]\n\t(No symbol) [0x00007FF6C3761B31]\n\tGetHandleVerifier [0x00007FF6C3C0871D+3302573]\n\tGetHandleVerifier [0x00007FF6C3C54243+3612627]\n\tGetHandleVerifier [0x00007FF6C3C4A417+3572135]\n\tGetHandleVerifier [0x00007FF6C39A5EB6+801862]\n\t(No symbol) [0x00007FF6C386945F]\n\t(No symbol) [0x00007FF6C3864FB4]\n\t(No symbol) [0x00007FF6C3865140]\n\t(No symbol) [0x00007FF6C385461F]\n\tBaseThreadInitThunk [0x00007FF9A51C257D+29]\n\tRtlUserThreadStart [0x00007FF9A6B8AF08+40]","time":{"start":1728714431137,"stop":1728714431137,"duration":0}},{"uid":"f50819f96ad0ce39","status":"passed","time":{"start":1728649523279,"stop":1728649523857,"duration":578}}],"categories":[],"history":{"statistic":{"failed":0,"broken":1,"skipped":0,"passed":4,"unknown":0,"total":5},"items":[{"uid":"ee3168268dda811a","reportUrl":"http://localhost:9090/job/BankApp_Pytest/4/allure/#testresult/ee3168268dda811a","status":"passed","time":{"start":1728714608221,"stop":1728714608835,"duration":614}},{"uid":"d7498fa23e71965b","reportUrl":"http://localhost:9090/job/BankApp_Pytest/3/allure/#testresult/d7498fa23e71965b","status":"broken","statusDetails":"selenium.common.exceptions.NoSuchWindowException: Message: no such window: target window already closed\nfrom unknown error: web view not found\n  (Session info: chrome=129.0.6668.90)\nStacktrace:\n\tGetHandleVerifier [0x00007FF6C38E9412+29090]\n\t(No symbol) [0x00007FF6C385E239]\n\t(No symbol) [0x00007FF6C371B1DA]\n\t(No symbol) [0x00007FF6C36EFAF5]\n\t(No symbol) [0x00007FF6C379E2C7]\n\t(No symbol) [0x00007FF6C37B5EB1]\n\t(No symbol) [0x00007FF6C3796493]\n\t(No symbol) [0x00007FF6C37609D1]\n\t(No symbol) [0x00007FF6C3761B31]\n\tGetHandleVerifier [0x00007FF6C3C0871D+3302573]\n\tGetHandleVerifier [0x00007FF6C3C54243+3612627]\n\tGetHandleVerifier [0x00007FF6C3C4A417+3572135]\n\tGetHandleVerifier [0x00007FF6C39A5EB6+801862]\n\t(No symbol) [0x00007FF6C386945F]\n\t(No symbol) [0x00007FF6C3864FB4]\n\t(No symbol) [0x00007FF6C3865140]\n\t(No symbol) [0x00007FF6C385461F]\n\tBaseThreadInitThunk [0x00007FF9A51C257D+29]\n\tRtlUserThreadStart [0x00007FF9A6B8AF08+40]","time":{"start":1728714431137,"stop":1728714431137,"duration":0}},{"uid":"c58d47e4f410eea6","reportUrl":"http://localhost:9090/job/BankApp_Pytest/2/allure/#testresult/c58d47e4f410eea6","status":"passed","time":{"start":1728649523279,"stop":1728649523857,"duration":578}},{"uid":"4a3ab2e955d994d4","reportUrl":"http://localhost:9090/job/BankApp_Pytest/1/allure/#testresult/4a3ab2e955d994d4","status":"passed","time":{"start":1728649523279,"stop":1728649523857,"duration":578}}]},"tags":["sanity","group1"]},"source":"61b2d37705c7dd27.json","parameterValues":[]}